0140c32b-bc9f-4ed5-af05-6a7ab5e1fed6 bpinsard@elm.criugm.qc.ca:/scratch/tmp/tmpcr2xrsuk timestamp=1665517771s
09395247-5e33-4107-a88e-8ed630613960 bpinsard@elm.criugm.qc.ca:/scratch/tmp/tmpmn_k1w_d timestamp=1665517771s
0bbfa738-0db4-48f4-924d-172e5bcd668f bpinsard@elm.criugm.qc.ca:/scratch/tmp/conp_rel/mario timestamp=1749741830s
0f76cf8a-025f-47a3-80d8-6b1ce094351f bpinsard@elm.criugm.qc.ca:/scratch/tmp/tmprzepko04 timestamp=1666829079s
12828ce6-10f8-4cfa-9c35-1772ed8805aa bpinsard@elm.criugm.qc.ca:/scratch/tmp/cneuromod.mario.raw timestamp=1705609509s
158c4d6c-0d64-4611-9f99-21d17c0872b9 bpinsard@elm.criugm.qc.ca:/scratch/tmp/tmp5sj6kk3d timestamp=1674183422s
1bb3a304-859c-4e29-b599-2dabecab2803 bpinsard@elm.criugm.qc.ca:/scratch/tmp/tmpc5p9nhk5 timestamp=1666281640s
1c762abe-942b-4a15-bb3f-c31900806e28 bpinsard@elm.criugm.qc.ca:/scratch/tmp/tmpiec_3jbt timestamp=1665517771s
41fb26f3-2263-4324-947c-abde2af187fd bpinsard@elm.criugm.qc.ca:/scratch/tmp/tmp6dokeryv timestamp=1666281640s
4485c60f-f795-4485-b203-65106f254434 bpinsard@elm.criugm.qc.ca:/scratch/tmp/tmpb8e2m_g_ timestamp=1674183422s
44eb6a08-f6df-435d-a5e4-b4950fe67ddd bpinsard@elm.criugm.qc.ca:/scratch/tmp/tmpaoeglyj4 timestamp=1665517771s
49524ab3-4758-4f3e-b890-574ce3101d1f s3unf.cneuromod.mario.mri.sensitive timestamp=1651862345.100742615s
5c9abfe1-463c-43cc-ac8e-c32e0b3ad9ae bpinsard@elm.criugm.qc.ca:/scratch/tmp/tmp0wm0re1z timestamp=1665517771s
76eb538e-d82a-4007-a815-92cf16223d6c ria-sequoia-storage timestamp=1653093439s
8f9bc19f-51b9-443c-82e2-860c4e7c3858 ria-beluga-storage timestamp=1636140889s
93ef2e31-6b09-439e-bbd0-ecc86b240896 bpinsard@elm.criugm.qc.ca:/scratch/tmp/tmpbouuigqy timestamp=1666281640s
a77f6e01-4f57-41da-bb9a-5a6cb5ca39b5 bpinsard@elm.criugm.qc.ca:/scratch/tmp/tmpy_xxrdt2 timestamp=1674183422s
b37a8fa4-bb05-4722-8c23-016dca725fa6 conp-ria-storage timestamp=1705510361s
b71685f5-9563-49a6-8af5-f073c82af542 bpinsard@elm.criugm.qc.ca:/scratch/tmp/tmpmvqtvls0 timestamp=1665517771s
b82a5fd9-3eb4-48db-a954-c598b1f361f7 bpinsard@elm.criugm.qc.ca:/scratch/tmp/tmpaq9g1d59 timestamp=1666281640s
bd090357-6042-420b-a523-d7bcc765ee88 bpinsard@elm.criugm.qc.ca:/scratch/tmp/tmpti7pxd7a timestamp=1674183422s
dbff9c64-9572-4316-a38a-eb19ffd48c15 bpinsard@elm.criugm.qc.ca:/data/neuromod/ria-sequoia/195/953d1-63c4-491a-adb1-c2e9ea1a2746 timestamp=1674578805.856621226s
e15f0505-f38b-404a-9635-438cbb6e687b bpinsard@elm.criugm.qc.ca:/scratch/tmp/cneuromod/mario timestamp=1666187512s
e99e5abf-0870-428a-9bd7-77ae55150fe6 mepicard@elm.criugm.qc.ca:/scratch/mepicard/physio_data/cneuromod.mario.raw timestamp=1710257273.004808952s
ea12e57e-d0e3-4037-856d-0947675fd2be s3unf.cneuromod.mario.mri timestamp=1651862353.069000519s
f4b6ee47-f36b-466d-88e4-1a39302b78c6 bpinsard@elm.criugm.qc.ca:/data/neuromod/DATA/cneuromod/mario timestamp=1112911994s
